<?xml version="1.0" encoding="UTF-8"?>
<testng-results skipped="0" failed="0" total="3" passed="3">
  <reporter-output>
  </reporter-output>
  <suite name="NextGen Suite" duration-ms="54433" started-at="2020-05-01T13:35:00Z" finished-at="2020-05-01T13:35:55Z">
    <groups>
    </groups>
    <test name="SuiteSetup" duration-ms="7294" started-at="2020-05-01T13:35:00Z" finished-at="2020-05-01T13:35:07Z">
      <class name="webdriver.Webdriver">
        <test-method status="PASS" signature="setupSelenium(org.testng.ITestContext)[pri:0, instance:webdriver.Webdriver@627551fb]" name="setupSelenium" is-config="true" duration-ms="0" started-at="2020-05-01T19:05:00Z" finished-at="2020-05-01T19:05:00Z">
          <params>
            <param index="0">
              <value>
                <![CDATA[org.testng.TestRunner@107ed6fc]]>
              </value>
            </param>
          </params>
          <reporter-output>
          </reporter-output>
        </test-method> <!-- setupSelenium -->
        <test-method status="PASS" signature="creatingWebDriverInstance()[pri:0, instance:webdriver.Webdriver@627551fb]" name="creatingWebDriverInstance" duration-ms="7075" started-at="2020-05-01T19:05:00Z" finished-at="2020-05-01T19:05:07Z">
          <reporter-output>
          </reporter-output>
        </test-method> <!-- creatingWebDriverInstance -->
        <test-method status="PASS" signature="beforeTest(org.testng.ITestContext)[pri:0, instance:webdriver.Webdriver@627551fb]" name="beforeTest" is-config="true" duration-ms="0" started-at="2020-05-01T19:05:00Z" finished-at="2020-05-01T19:05:00Z">
          <params>
            <param index="0">
              <value>
                <![CDATA[org.testng.TestRunner@107ed6fc]]>
              </value>
            </param>
          </params>
          <reporter-output>
          </reporter-output>
        </test-method> <!-- beforeTest -->
        <test-method status="PASS" signature="afterTest(org.testng.ITestContext)[pri:0, instance:webdriver.Webdriver@627551fb]" name="afterTest" is-config="true" duration-ms="206" started-at="2020-05-01T19:05:07Z" finished-at="2020-05-01T19:05:07Z">
          <params>
            <param index="0">
              <value>
                <![CDATA[org.testng.TestRunner@107ed6fc]]>
              </value>
            </param>
          </params>
          <reporter-output>
          </reporter-output>
        </test-method> <!-- afterTest -->
      </class> <!-- webdriver.Webdriver -->
    </test> <!-- SuiteSetup -->
    <test name="Login" duration-ms="47121" started-at="2020-05-01T13:35:07Z" finished-at="2020-05-01T13:35:55Z">
      <class name="MercuryTours.MercuryTours">
        <test-method status="PASS" signature="TestCase1()[pri:1, instance:MercuryTours.MercuryTours@30b8a058]" name="TestCase1" duration-ms="5127" started-at="2020-05-01T19:05:07Z" finished-at="2020-05-01T19:05:13Z">
          <reporter-output>
          </reporter-output>
        </test-method> <!-- TestCase1 -->
        <test-method status="PASS" signature="TestCase2()[pri:2, instance:MercuryTours.MercuryTours@30b8a058]" name="TestCase2" duration-ms="41989" started-at="2020-05-01T19:05:13Z" finished-at="2020-05-01T19:05:55Z">
          <reporter-output>
          </reporter-output>
        </test-method> <!-- TestCase2 -->
      </class> <!-- MercuryTours.MercuryTours -->
      <class name="webdriver.Webdriver">
        <test-method status="PASS" signature="beforeSuite(org.testng.ITestContext)[pri:0, instance:webdriver.Webdriver@627551fb]" name="beforeSuite" is-config="true" duration-ms="797" started-at="2020-05-01T19:04:59Z" finished-at="2020-05-01T19:05:00Z">
          <params>
            <param index="0">
              <value>
                <![CDATA[org.testng.TestRunner@346a361]]>
              </value>
            </param>
          </params>
          <reporter-output>
          </reporter-output>
        </test-method> <!-- beforeSuite -->
        <test-method status="PASS" signature="afterSuite()[pri:0, instance:webdriver.Webdriver@627551fb]" name="afterSuite" is-config="true" duration-ms="8378" started-at="2020-05-01T19:05:55Z" finished-at="2020-05-01T19:06:03Z">
          <reporter-output>
          </reporter-output>
        </test-method> <!-- afterSuite -->
      </class> <!-- webdriver.Webdriver -->
    </test> <!-- Login -->
  </suite> <!-- NextGen Suite -->
</testng-results>
